{"/app/server.js": {"path":"/app/server.js","statementMap":{"0":{"start":{"line":1,"column":16},"end":{"line":1,"column":34}},"1":{"start":{"line":2,"column":17},"end":{"line":2,"column":36}},"2":{"start":{"line":3,"column":13},"end":{"line":3,"column":28}},"3":{"start":{"line":4,"column":12},"end":{"line":4,"column":35}},"4":{"start":{"line":5,"column":15},"end":{"line":5,"column":34}},"5":{"start":{"line":7,"column":12},"end":{"line":7,"column":21}},"6":{"start":{"line":8,"column":0},"end":{"line":8,"column":16}},"7":{"start":{"line":9,"column":0},"end":{"line":9,"column":24}},"8":{"start":{"line":13,"column":18},"end":{"line":14,"column":101}},"9":{"start":{"line":17,"column":18},"end":{"line":21,"column":1}},"10":{"start":{"line":18,"column":2},"end":{"line":20,"column":3}},"11":{"start":{"line":19,"column":4},"end":{"line":19,"column":38}},"12":{"start":{"line":24,"column":0},"end":{"line":26,"column":1}},"13":{"start":{"line":25,"column":2},"end":{"line":25,"column":35}},"14":{"start":{"line":31,"column":19},"end":{"line":36,"column":24}},"15":{"start":{"line":39,"column":19},"end":{"line":48,"column":24}},"16":{"start":{"line":51,"column":13},"end":{"line":51,"column":47}},"17":{"start":{"line":52,"column":13},"end":{"line":52,"column":47}},"18":{"start":{"line":55,"column":15},"end":{"line":55,"column":40}},"19":{"start":{"line":60,"column":13},"end":{"line":72,"column":1}},"20":{"start":{"line":62,"column":16},"end":{"line":62,"column":56}},"21":{"start":{"line":63,"column":2},"end":{"line":63,"column":70}},"22":{"start":{"line":63,"column":14},"end":{"line":63,"column":70}},"23":{"start":{"line":65,"column":2},"end":{"line":71,"column":3}},"24":{"start":{"line":67,"column":4},"end":{"line":67,"column":41}},"25":{"start":{"line":68,"column":4},"end":{"line":68,"column":11}},"26":{"start":{"line":70,"column":4},"end":{"line":70,"column":54}},"27":{"start":{"line":75,"column":21},"end":{"line":82,"column":1}},"28":{"start":{"line":76,"column":2},"end":{"line":76,"column":29}},"29":{"start":{"line":77,"column":2},"end":{"line":79,"column":3}},"30":{"start":{"line":78,"column":4},"end":{"line":78,"column":101}},"31":{"start":{"line":78,"column":76},"end":{"line":78,"column":85}},"32":{"start":{"line":80,"column":2},"end":{"line":80,"column":88}},"33":{"start":{"line":80,"column":26},"end":{"line":80,"column":88}},"34":{"start":{"line":81,"column":2},"end":{"line":81,"column":56}},"35":{"start":{"line":87,"column":0},"end":{"line":108,"column":3}},"36":{"start":{"line":88,"column":2},"end":{"line":107,"column":26}},"37":{"start":{"line":89,"column":40},"end":{"line":89,"column":48}},"38":{"start":{"line":92,"column":4},"end":{"line":92,"column":120}},"39":{"start":{"line":92,"column":38},"end":{"line":92,"column":120}},"40":{"start":{"line":93,"column":4},"end":{"line":93,"column":97}},"41":{"start":{"line":93,"column":40},"end":{"line":93,"column":97}},"42":{"start":{"line":94,"column":4},"end":{"line":94,"column":128}},"43":{"start":{"line":94,"column":42},"end":{"line":94,"column":128}},"44":{"start":{"line":97,"column":19},"end":{"line":97,"column":50}},"45":{"start":{"line":100,"column":17},"end":{"line":100,"column":71}},"46":{"start":{"line":103,"column":18},"end":{"line":103,"column":88}},"47":{"start":{"line":106,"column":4},"end":{"line":106,"column":84}},"48":{"start":{"line":107,"column":16},"end":{"line":107,"column":24}},"49":{"start":{"line":111,"column":0},"end":{"line":128,"column":3}},"50":{"start":{"line":112,"column":2},"end":{"line":127,"column":26}},"51":{"start":{"line":113,"column":32},"end":{"line":113,"column":40}},"52":{"start":{"line":116,"column":17},"end":{"line":116,"column":46}},"53":{"start":{"line":119,"column":4},"end":{"line":121,"column":5}},"54":{"start":{"line":120,"column":6},"end":{"line":120,"column":73}},"55":{"start":{"line":124,"column":18},"end":{"line":124,"column":88}},"56":{"start":{"line":126,"column":4},"end":{"line":126,"column":84}},"57":{"start":{"line":127,"column":16},"end":{"line":127,"column":24}},"58":{"start":{"line":131,"column":0},"end":{"line":160,"column":3}},"59":{"start":{"line":132,"column":2},"end":{"line":159,"column":26}},"60":{"start":{"line":133,"column":50},"end":{"line":133,"column":58}},"61":{"start":{"line":136,"column":4},"end":{"line":138,"column":5}},"62":{"start":{"line":137,"column":6},"end":{"line":137,"column":72}},"63":{"start":{"line":141,"column":4},"end":{"line":141,"column":97}},"64":{"start":{"line":141,"column":38},"end":{"line":141,"column":97}},"65":{"start":{"line":142,"column":4},"end":{"line":142,"column":97}},"66":{"start":{"line":142,"column":40},"end":{"line":142,"column":97}},"67":{"start":{"line":143,"column":4},"end":{"line":143,"column":105}},"68":{"start":{"line":143,"column":42},"end":{"line":143,"column":105}},"69":{"start":{"line":146,"column":19},"end":{"line":146,"column":48}},"70":{"start":{"line":147,"column":4},"end":{"line":147,"column":78}},"71":{"start":{"line":147,"column":16},"end":{"line":147,"column":78}},"72":{"start":{"line":150,"column":19},"end":{"line":150,"column":50}},"73":{"start":{"line":153,"column":17},"end":{"line":153,"column":85}},"74":{"start":{"line":156,"column":18},"end":{"line":156,"column":88}},"75":{"start":{"line":158,"column":4},"end":{"line":158,"column":84}},"76":{"start":{"line":159,"column":16},"end":{"line":159,"column":24}},"77":{"start":{"line":163,"column":0},"end":{"line":168,"column":3}},"78":{"start":{"line":164,"column":2},"end":{"line":167,"column":26}},"79":{"start":{"line":165,"column":17},"end":{"line":165,"column":69}},"80":{"start":{"line":166,"column":4},"end":{"line":166,"column":19}},"81":{"start":{"line":167,"column":16},"end":{"line":167,"column":24}},"82":{"start":{"line":173,"column":0},"end":{"line":200,"column":3}},"83":{"start":{"line":174,"column":2},"end":{"line":199,"column":26}},"84":{"start":{"line":175,"column":62},"end":{"line":175,"column":71}},"85":{"start":{"line":176,"column":17},"end":{"line":176,"column":35}},"86":{"start":{"line":179,"column":17},"end":{"line":179,"column":73}},"87":{"start":{"line":182,"column":4},"end":{"line":182,"column":39}},"88":{"start":{"line":182,"column":16},"end":{"line":182,"column":39}},"89":{"start":{"line":183,"column":4},"end":{"line":183,"column":36}},"90":{"start":{"line":183,"column":15},"end":{"line":183,"column":36}},"91":{"start":{"line":184,"column":4},"end":{"line":189,"column":5}},"92":{"start":{"line":185,"column":6},"end":{"line":188,"column":8}},"93":{"start":{"line":192,"column":18},"end":{"line":192,"column":103}},"94":{"start":{"line":193,"column":18},"end":{"line":193,"column":51}},"95":{"start":{"line":195,"column":4},"end":{"line":198,"column":7}},"96":{"start":{"line":199,"column":16},"end":{"line":199,"column":24}},"97":{"start":{"line":203,"column":0},"end":{"line":214,"column":3}},"98":{"start":{"line":204,"column":2},"end":{"line":213,"column":26}},"99":{"start":{"line":205,"column":17},"end":{"line":205,"column":81}},"100":{"start":{"line":206,"column":4},"end":{"line":206,"column":71}},"101":{"start":{"line":206,"column":15},"end":{"line":206,"column":71}},"102":{"start":{"line":209,"column":4},"end":{"line":211,"column":5}},"103":{"start":{"line":210,"column":6},"end":{"line":210,"column":62}},"104":{"start":{"line":212,"column":4},"end":{"line":212,"column":19}},"105":{"start":{"line":213,"column":16},"end":{"line":213,"column":24}},"106":{"start":{"line":217,"column":0},"end":{"line":228,"column":3}},"107":{"start":{"line":218,"column":2},"end":{"line":227,"column":26}},"108":{"start":{"line":219,"column":68},"end":{"line":219,"column":76}},"109":{"start":{"line":220,"column":4},"end":{"line":222,"column":5}},"110":{"start":{"line":221,"column":6},"end":{"line":221,"column":80}},"111":{"start":{"line":225,"column":17},"end":{"line":225,"column":73}},"112":{"start":{"line":226,"column":4},"end":{"line":226,"column":19}},"113":{"start":{"line":227,"column":16},"end":{"line":227,"column":24}},"114":{"start":{"line":231,"column":0},"end":{"line":245,"column":3}},"115":{"start":{"line":232,"column":2},"end":{"line":244,"column":26}},"116":{"start":{"line":233,"column":17},"end":{"line":233,"column":51}},"117":{"start":{"line":234,"column":4},"end":{"line":234,"column":71}},"118":{"start":{"line":234,"column":15},"end":{"line":234,"column":71}},"119":{"start":{"line":237,"column":4},"end":{"line":239,"column":5}},"120":{"start":{"line":238,"column":6},"end":{"line":238,"column":62}},"121":{"start":{"line":241,"column":4},"end":{"line":241,"column":34}},"122":{"start":{"line":242,"column":4},"end":{"line":242,"column":22}},"123":{"start":{"line":243,"column":4},"end":{"line":243,"column":19}},"124":{"start":{"line":244,"column":16},"end":{"line":244,"column":24}},"125":{"start":{"line":248,"column":0},"end":{"line":261,"column":3}},"126":{"start":{"line":249,"column":2},"end":{"line":260,"column":26}},"127":{"start":{"line":250,"column":17},"end":{"line":250,"column":51}},"128":{"start":{"line":251,"column":4},"end":{"line":251,"column":71}},"129":{"start":{"line":251,"column":15},"end":{"line":251,"column":71}},"130":{"start":{"line":254,"column":4},"end":{"line":256,"column":5}},"131":{"start":{"line":255,"column":6},"end":{"line":255,"column":62}},"132":{"start":{"line":258,"column":4},"end":{"line":258,"column":27}},"133":{"start":{"line":259,"column":4},"end":{"line":259,"column":39}},"134":{"start":{"line":260,"column":16},"end":{"line":260,"column":24}},"135":{"start":{"line":264,"column":0},"end":{"line":277,"column":3}},"136":{"start":{"line":265,"column":2},"end":{"line":276,"column":26}},"137":{"start":{"line":267,"column":4},"end":{"line":267,"column":87}},"138":{"start":{"line":267,"column":34},"end":{"line":267,"column":87}},"139":{"start":{"line":269,"column":23},"end":{"line":269,"column":31}},"140":{"start":{"line":270,"column":4},"end":{"line":272,"column":5}},"141":{"start":{"line":271,"column":6},"end":{"line":271,"column":64}},"142":{"start":{"line":274,"column":17},"end":{"line":274,"column":87}},"143":{"start":{"line":275,"column":4},"end":{"line":275,"column":19}},"144":{"start":{"line":276,"column":16},"end":{"line":276,"column":24}},"145":{"start":{"line":280,"column":0},"end":{"line":280,"column":22}},"146":{"start":{"line":285,"column":0},"end":{"line":288,"column":3}},"147":{"start":{"line":286,"column":19},"end":{"line":286,"column":56}},"148":{"start":{"line":287,"column":2},"end":{"line":287,"column":49}},"149":{"start":{"line":291,"column":0},"end":{"line":294,"column":3}},"150":{"start":{"line":292,"column":16},"end":{"line":292,"column":69}},"151":{"start":{"line":293,"column":2},"end":{"line":293,"column":43}},"152":{"start":{"line":298,"column":0},"end":{"line":300,"column":1}},"153":{"start":{"line":299,"column":2},"end":{"line":299,"column":65}},"154":{"start":{"line":299,"column":25},"end":{"line":299,"column":63}},"155":{"start":{"line":302,"column":0},"end":{"line":302,"column":21}}},"fnMap":{"0":{"name":"(anonymous_0)","decl":{"start":{"line":17,"column":18},"end":{"line":17,"column":19}},"loc":{"start":{"line":17,"column":30},"end":{"line":21,"column":1}},"line":17},"1":{"name":"(anonymous_1)","decl":{"start":{"line":60,"column":13},"end":{"line":60,"column":14}},"loc":{"start":{"line":60,"column":33},"end":{"line":72,"column":1}},"line":60},"2":{"name":"(anonymous_2)","decl":{"start":{"line":75,"column":21},"end":{"line":75,"column":22}},"loc":{"start":{"line":75,"column":46},"end":{"line":82,"column":1}},"line":75},"3":{"name":"(anonymous_3)","decl":{"start":{"line":78,"column":71},"end":{"line":78,"column":72}},"loc":{"start":{"line":78,"column":76},"end":{"line":78,"column":85}},"line":78},"4":{"name":"(anonymous_4)","decl":{"start":{"line":87,"column":31},"end":{"line":87,"column":32}},"loc":{"start":{"line":87,"column":57},"end":{"line":108,"column":1}},"line":87},"5":{"name":"(anonymous_5)","decl":{"start":{"line":111,"column":28},"end":{"line":111,"column":29}},"loc":{"start":{"line":111,"column":54},"end":{"line":128,"column":1}},"line":111},"6":{"name":"(anonymous_6)","decl":{"start":{"line":131,"column":37},"end":{"line":131,"column":38}},"loc":{"start":{"line":131,"column":63},"end":{"line":160,"column":1}},"line":131},"7":{"name":"(anonymous_7)","decl":{"start":{"line":163,"column":30},"end":{"line":163,"column":31}},"loc":{"start":{"line":163,"column":56},"end":{"line":168,"column":1}},"line":163},"8":{"name":"(anonymous_8)","decl":{"start":{"line":173,"column":28},"end":{"line":173,"column":29}},"loc":{"start":{"line":173,"column":54},"end":{"line":200,"column":1}},"line":173},"9":{"name":"(anonymous_9)","decl":{"start":{"line":203,"column":32},"end":{"line":203,"column":33}},"loc":{"start":{"line":203,"column":58},"end":{"line":214,"column":1}},"line":203},"10":{"name":"(anonymous_10)","decl":{"start":{"line":217,"column":29},"end":{"line":217,"column":30}},"loc":{"start":{"line":217,"column":55},"end":{"line":228,"column":1}},"line":217},"11":{"name":"(anonymous_11)","decl":{"start":{"line":231,"column":32},"end":{"line":231,"column":33}},"loc":{"start":{"line":231,"column":58},"end":{"line":245,"column":1}},"line":231},"12":{"name":"(anonymous_12)","decl":{"start":{"line":248,"column":35},"end":{"line":248,"column":36}},"loc":{"start":{"line":248,"column":61},"end":{"line":261,"column":1}},"line":248},"13":{"name":"(anonymous_13)","decl":{"start":{"line":264,"column":41},"end":{"line":264,"column":42}},"loc":{"start":{"line":264,"column":67},"end":{"line":277,"column":1}},"line":264},"14":{"name":"(anonymous_14)","decl":{"start":{"line":285,"column":27},"end":{"line":285,"column":28}},"loc":{"start":{"line":285,"column":47},"end":{"line":288,"column":1}},"line":285},"15":{"name":"(anonymous_15)","decl":{"start":{"line":291,"column":24},"end":{"line":291,"column":25}},"loc":{"start":{"line":291,"column":44},"end":{"line":294,"column":1}},"line":291},"16":{"name":"(anonymous_16)","decl":{"start":{"line":299,"column":19},"end":{"line":299,"column":20}},"loc":{"start":{"line":299,"column":25},"end":{"line":299,"column":63}},"line":299}},"branchMap":{"0":{"loc":{"start":{"line":13,"column":18},"end":{"line":14,"column":101}},"type":"binary-expr","locations":[{"start":{"line":13,"column":18},"end":{"line":13,"column":39}},{"start":{"line":14,"column":3},"end":{"line":14,"column":100}}],"line":13},"1":{"loc":{"start":{"line":14,"column":3},"end":{"line":14,"column":100}},"type":"cond-expr","locations":[{"start":{"line":14,"column":22},"end":{"line":14,"column":62}},{"start":{"line":14,"column":65},"end":{"line":14,"column":100}}],"line":14},"2":{"loc":{"start":{"line":18,"column":2},"end":{"line":20,"column":3}},"type":"if","locations":[{"start":{"line":18,"column":2},"end":{"line":20,"column":3}},{"start":{},"end":{}}],"line":18},"3":{"loc":{"start":{"line":24,"column":0},"end":{"line":26,"column":1}},"type":"if","locations":[{"start":{"line":24,"column":0},"end":{"line":26,"column":1}},{"start":{},"end":{}}],"line":24},"4":{"loc":{"start":{"line":63,"column":2},"end":{"line":63,"column":70}},"type":"if","locations":[{"start":{"line":63,"column":2},"end":{"line":63,"column":70}},{"start":{},"end":{}}],"line":63},"5":{"loc":{"start":{"line":77,"column":2},"end":{"line":79,"column":3}},"type":"if","locations":[{"start":{"line":77,"column":2},"end":{"line":79,"column":3}},{"start":{},"end":{}}],"line":77},"6":{"loc":{"start":{"line":80,"column":2},"end":{"line":80,"column":88}},"type":"if","locations":[{"start":{"line":80,"column":2},"end":{"line":80,"column":88}},{"start":{},"end":{}}],"line":80},"7":{"loc":{"start":{"line":92,"column":4},"end":{"line":92,"column":120}},"type":"if","locations":[{"start":{"line":92,"column":4},"end":{"line":92,"column":120}},{"start":{},"end":{}}],"line":92},"8":{"loc":{"start":{"line":92,"column":8},"end":{"line":92,"column":36}},"type":"binary-expr","locations":[{"start":{"line":92,"column":8},"end":{"line":92,"column":15}},{"start":{"line":92,"column":19},"end":{"line":92,"column":36}}],"line":92},"9":{"loc":{"start":{"line":93,"column":4},"end":{"line":93,"column":97}},"type":"if","locations":[{"start":{"line":93,"column":4},"end":{"line":93,"column":97}},{"start":{},"end":{}}],"line":93},"10":{"loc":{"start":{"line":93,"column":8},"end":{"line":93,"column":38}},"type":"binary-expr","locations":[{"start":{"line":93,"column":8},"end":{"line":93,"column":14}},{"start":{"line":93,"column":18},"end":{"line":93,"column":38}}],"line":93},"11":{"loc":{"start":{"line":94,"column":4},"end":{"line":94,"column":128}},"type":"if","locations":[{"start":{"line":94,"column":4},"end":{"line":94,"column":128}},{"start":{},"end":{}}],"line":94},"12":{"loc":{"start":{"line":94,"column":8},"end":{"line":94,"column":40}},"type":"binary-expr","locations":[{"start":{"line":94,"column":8},"end":{"line":94,"column":17}},{"start":{"line":94,"column":21},"end":{"line":94,"column":40}}],"line":94},"13":{"loc":{"start":{"line":119,"column":4},"end":{"line":121,"column":5}},"type":"if","locations":[{"start":{"line":119,"column":4},"end":{"line":121,"column":5}},{"start":{},"end":{}}],"line":119},"14":{"loc":{"start":{"line":119,"column":8},"end":{"line":119,"column":63}},"type":"binary-expr","locations":[{"start":{"line":119,"column":8},"end":{"line":119,"column":13}},{"start":{"line":119,"column":17},"end":{"line":119,"column":63}}],"line":119},"15":{"loc":{"start":{"line":136,"column":4},"end":{"line":138,"column":5}},"type":"if","locations":[{"start":{"line":136,"column":4},"end":{"line":138,"column":5}},{"start":{},"end":{}}],"line":136},"16":{"loc":{"start":{"line":141,"column":4},"end":{"line":141,"column":97}},"type":"if","locations":[{"start":{"line":141,"column":4},"end":{"line":141,"column":97}},{"start":{},"end":{}}],"line":141},"17":{"loc":{"start":{"line":141,"column":8},"end":{"line":141,"column":36}},"type":"binary-expr","locations":[{"start":{"line":141,"column":8},"end":{"line":141,"column":15}},{"start":{"line":141,"column":19},"end":{"line":141,"column":36}}],"line":141},"18":{"loc":{"start":{"line":142,"column":4},"end":{"line":142,"column":97}},"type":"if","locations":[{"start":{"line":142,"column":4},"end":{"line":142,"column":97}},{"start":{},"end":{}}],"line":142},"19":{"loc":{"start":{"line":142,"column":8},"end":{"line":142,"column":38}},"type":"binary-expr","locations":[{"start":{"line":142,"column":8},"end":{"line":142,"column":14}},{"start":{"line":142,"column":18},"end":{"line":142,"column":38}}],"line":142},"20":{"loc":{"start":{"line":143,"column":4},"end":{"line":143,"column":105}},"type":"if","locations":[{"start":{"line":143,"column":4},"end":{"line":143,"column":105}},{"start":{},"end":{}}],"line":143},"21":{"loc":{"start":{"line":143,"column":8},"end":{"line":143,"column":40}},"type":"binary-expr","locations":[{"start":{"line":143,"column":8},"end":{"line":143,"column":17}},{"start":{"line":143,"column":21},"end":{"line":143,"column":40}}],"line":143},"22":{"loc":{"start":{"line":147,"column":4},"end":{"line":147,"column":78}},"type":"if","locations":[{"start":{"line":147,"column":4},"end":{"line":147,"column":78}},{"start":{},"end":{}}],"line":147},"23":{"loc":{"start":{"line":175,"column":12},"end":{"line":175,"column":20}},"type":"default-arg","locations":[{"start":{"line":175,"column":19},"end":{"line":175,"column":20}}],"line":175},"24":{"loc":{"start":{"line":175,"column":22},"end":{"line":175,"column":32}},"type":"default-arg","locations":[{"start":{"line":175,"column":30},"end":{"line":175,"column":32}}],"line":175},"25":{"loc":{"start":{"line":179,"column":17},"end":{"line":179,"column":73}},"type":"cond-expr","locations":[{"start":{"line":179,"column":44},"end":{"line":179,"column":46}},{"start":{"line":179,"column":49},"end":{"line":179,"column":73}}],"line":179},"26":{"loc":{"start":{"line":182,"column":4},"end":{"line":182,"column":39}},"type":"if","locations":[{"start":{"line":182,"column":4},"end":{"line":182,"column":39}},{"start":{},"end":{}}],"line":182},"27":{"loc":{"start":{"line":183,"column":4},"end":{"line":183,"column":36}},"type":"if","locations":[{"start":{"line":183,"column":4},"end":{"line":183,"column":36}},{"start":{},"end":{}}],"line":183},"28":{"loc":{"start":{"line":184,"column":4},"end":{"line":189,"column":5}},"type":"if","locations":[{"start":{"line":184,"column":4},"end":{"line":189,"column":5}},{"start":{},"end":{}}],"line":184},"29":{"loc":{"start":{"line":206,"column":4},"end":{"line":206,"column":71}},"type":"if","locations":[{"start":{"line":206,"column":4},"end":{"line":206,"column":71}},{"start":{},"end":{}}],"line":206},"30":{"loc":{"start":{"line":209,"column":4},"end":{"line":211,"column":5}},"type":"if","locations":[{"start":{"line":209,"column":4},"end":{"line":211,"column":5}},{"start":{},"end":{}}],"line":209},"31":{"loc":{"start":{"line":209,"column":8},"end":{"line":209,"column":79}},"type":"binary-expr","locations":[{"start":{"line":209,"column":8},"end":{"line":209,"column":32}},{"start":{"line":209,"column":36},"end":{"line":209,"column":79}}],"line":209},"32":{"loc":{"start":{"line":220,"column":4},"end":{"line":222,"column":5}},"type":"if","locations":[{"start":{"line":220,"column":4},"end":{"line":222,"column":5}},{"start":{},"end":{}}],"line":220},"33":{"loc":{"start":{"line":220,"column":8},"end":{"line":220,"column":75}},"type":"binary-expr","locations":[{"start":{"line":220,"column":8},"end":{"line":220,"column":20}},{"start":{"line":220,"column":24},"end":{"line":220,"column":36}},{"start":{"line":220,"column":40},"end":{"line":220,"column":45}},{"start":{"line":220,"column":49},"end":{"line":220,"column":55}},{"start":{"line":220,"column":59},"end":{"line":220,"column":64}},{"start":{"line":220,"column":68},"end":{"line":220,"column":75}}],"line":220},"34":{"loc":{"start":{"line":234,"column":4},"end":{"line":234,"column":71}},"type":"if","locations":[{"start":{"line":234,"column":4},"end":{"line":234,"column":71}},{"start":{},"end":{}}],"line":234},"35":{"loc":{"start":{"line":237,"column":4},"end":{"line":239,"column":5}},"type":"if","locations":[{"start":{"line":237,"column":4},"end":{"line":239,"column":5}},{"start":{},"end":{}}],"line":237},"36":{"loc":{"start":{"line":237,"column":8},"end":{"line":237,"column":75}},"type":"binary-expr","locations":[{"start":{"line":237,"column":8},"end":{"line":237,"column":32}},{"start":{"line":237,"column":36},"end":{"line":237,"column":75}}],"line":237},"37":{"loc":{"start":{"line":251,"column":4},"end":{"line":251,"column":71}},"type":"if","locations":[{"start":{"line":251,"column":4},"end":{"line":251,"column":71}},{"start":{},"end":{}}],"line":251},"38":{"loc":{"start":{"line":254,"column":4},"end":{"line":256,"column":5}},"type":"if","locations":[{"start":{"line":254,"column":4},"end":{"line":256,"column":5}},{"start":{},"end":{}}],"line":254},"39":{"loc":{"start":{"line":254,"column":8},"end":{"line":254,"column":75}},"type":"binary-expr","locations":[{"start":{"line":254,"column":8},"end":{"line":254,"column":32}},{"start":{"line":254,"column":36},"end":{"line":254,"column":75}}],"line":254},"40":{"loc":{"start":{"line":267,"column":4},"end":{"line":267,"column":87}},"type":"if","locations":[{"start":{"line":267,"column":4},"end":{"line":267,"column":87}},{"start":{},"end":{}}],"line":267},"41":{"loc":{"start":{"line":270,"column":4},"end":{"line":272,"column":5}},"type":"if","locations":[{"start":{"line":270,"column":4},"end":{"line":272,"column":5}},{"start":{},"end":{}}],"line":270},"42":{"loc":{"start":{"line":298,"column":0},"end":{"line":300,"column":1}},"type":"if","locations":[{"start":{"line":298,"column":0},"end":{"line":300,"column":1}},{"start":{},"end":{}}],"line":298}},"s":{"0":1,"1":1,"2":1,"3":1,"4":1,"5":1,"6":1,"7":1,"8":1,"9":1,"10":1,"11":0,"12":1,"13":1,"14":1,"15":1,"16":1,"17":1,"18":1,"19":1,"20":6,"21":6,"22":0,"23":6,"24":6,"25":6,"26":0,"27":1,"28":0,"29":0,"30":0,"31":0,"32":0,"33":0,"34":0,"35":1,"36":1,"37":1,"38":1,"39":0,"40":1,"41":0,"42":1,"43":0,"44":1,"45":1,"46":1,"47":1,"48":0,"49":1,"50":2,"51":2,"52":2,"53":2,"54":1,"55":1,"56":1,"57":0,"58":1,"59":0,"60":0,"61":0,"62":0,"63":0,"64":0,"65":0,"66":0,"67":0,"68":0,"69":0,"70":0,"71":0,"72":0,"73":0,"74":0,"75":0,"76":0,"77":1,"78":0,"79":0,"80":0,"81":0,"82":1,"83":3,"84":3,"85":3,"86":3,"87":3,"88":0,"89":3,"90":0,"91":3,"92":0,"93":3,"94":3,"95":3,"96":0,"97":1,"98":0,"99":0,"100":0,"101":0,"102":0,"103":0,"104":0,"105":0,"106":1,"107":2,"108":2,"109":2,"110":1,"111":1,"112":1,"113":0,"114":1,"115":0,"116":0,"117":0,"118":0,"119":0,"120":0,"121":0,"122":0,"123":0,"124":0,"125":1,"126":0,"127":0,"128":0,"129":0,"130":0,"131":0,"132":0,"133":0,"134":0,"135":1,"136":1,"137":1,"138":1,"139":0,"140":0,"141":0,"142":0,"143":0,"144":0,"145":1,"146":1,"147":0,"148":0,"149":1,"150":0,"151":0,"152":1,"153":0,"154":0,"155":1},"f":{"0":1,"1":6,"2":0,"3":0,"4":1,"5":2,"6":0,"7":0,"8":3,"9":0,"10":2,"11":0,"12":0,"13":1,"14":0,"15":0,"16":0},"b":{"0":[1,0],"1":[0,0],"2":[0,1],"3":[1,0],"4":[0,6],"5":[0,0],"6":[0,0],"7":[0,1],"8":[1,1],"9":[0,1],"10":[1,1],"11":[0,1],"12":[1,1],"13":[1,1],"14":[2,2],"15":[0,0],"16":[0,0],"17":[0,0],"18":[0,0],"19":[0,0],"20":[0,0],"21":[0,0],"22":[0,0],"23":[2],"24":[2],"25":[1,2],"26":[0,3],"27":[0,3],"28":[0,3],"29":[0,0],"30":[0,0],"31":[0,0],"32":[1,1],"33":[2,2,1,1,1,1],"34":[0,0],"35":[0,0],"36":[0,0],"37":[0,0],"38":[0,0],"39":[0,0],"40":[1,0],"41":[0,0],"42":[0,1]},"_coverageSchema":"1a1c01bbd47fc00a2c39e90264f33305004495a9","hash":"28f61f9dc1cbcb38f2e1f8743e508382349cb38d"}
}
