TN:
SF:server.js
FN:17,(anonymous_0)
FN:60,(anonymous_1)
FN:75,(anonymous_2)
FN:78,(anonymous_3)
FN:87,(anonymous_4)
FN:111,(anonymous_5)
FN:131,(anonymous_6)
FN:163,(anonymous_7)
FN:173,(anonymous_8)
FN:203,(anonymous_9)
FN:217,(anonymous_10)
FN:231,(anonymous_11)
FN:248,(anonymous_12)
FN:264,(anonymous_13)
FN:285,(anonymous_14)
FN:291,(anonymous_15)
FN:299,(anonymous_16)
FNF:17
FNH:7
FNDA:1,(anonymous_0)
FNDA:6,(anonymous_1)
FNDA:0,(anonymous_2)
FNDA:0,(anonymous_3)
FNDA:1,(anonymous_4)
FNDA:2,(anonymous_5)
FNDA:0,(anonymous_6)
FNDA:0,(anonymous_7)
FNDA:3,(anonymous_8)
FNDA:0,(anonymous_9)
FNDA:2,(anonymous_10)
FNDA:0,(anonymous_11)
FNDA:0,(anonymous_12)
FNDA:1,(anonymous_13)
FNDA:0,(anonymous_14)
FNDA:0,(anonymous_15)
FNDA:0,(anonymous_16)
DA:1,1
DA:2,1
DA:3,1
DA:4,1
DA:5,1
DA:7,1
DA:8,1
DA:9,1
DA:13,1
DA:17,1
DA:18,1
DA:19,0
DA:24,1
DA:25,1
DA:31,1
DA:39,1
DA:51,1
DA:52,1
DA:55,1
DA:60,1
DA:62,6
DA:63,6
DA:65,6
DA:67,6
DA:68,6
DA:70,0
DA:75,1
DA:76,0
DA:77,0
DA:78,0
DA:80,0
DA:81,0
DA:87,1
DA:88,1
DA:89,1
DA:92,1
DA:93,1
DA:94,1
DA:97,1
DA:100,1
DA:103,1
DA:106,1
DA:107,0
DA:111,1
DA:112,2
DA:113,2
DA:116,2
DA:119,2
DA:120,1
DA:124,1
DA:126,1
DA:127,0
DA:131,1
DA:132,0
DA:133,0
DA:136,0
DA:137,0
DA:141,0
DA:142,0
DA:143,0
DA:146,0
DA:147,0
DA:150,0
DA:153,0
DA:156,0
DA:158,0
DA:159,0
DA:163,1
DA:164,0
DA:165,0
DA:166,0
DA:167,0
DA:173,1
DA:174,3
DA:175,3
DA:176,3
DA:179,3
DA:182,3
DA:183,3
DA:184,3
DA:185,0
DA:192,3
DA:193,3
DA:195,3
DA:199,0
DA:203,1
DA:204,0
DA:205,0
DA:206,0
DA:209,0
DA:210,0
DA:212,0
DA:213,0
DA:217,1
DA:218,2
DA:219,2
DA:220,2
DA:221,1
DA:225,1
DA:226,1
DA:227,0
DA:231,1
DA:232,0
DA:233,0
DA:234,0
DA:237,0
DA:238,0
DA:241,0
DA:242,0
DA:243,0
DA:244,0
DA:248,1
DA:249,0
DA:250,0
DA:251,0
DA:254,0
DA:255,0
DA:258,0
DA:259,0
DA:260,0
DA:264,1
DA:265,1
DA:267,1
DA:269,0
DA:270,0
DA:271,0
DA:274,0
DA:275,0
DA:276,0
DA:280,1
DA:285,1
DA:286,0
DA:287,0
DA:291,1
DA:292,0
DA:293,0
DA:298,1
DA:299,0
DA:302,1
LF:139
LH:74
BRDA:13,0,0,1
BRDA:13,0,1,0
BRDA:14,1,0,0
BRDA:14,1,1,0
BRDA:18,2,0,0
BRDA:18,2,1,1
BRDA:24,3,0,1
BRDA:24,3,1,0
BRDA:63,4,0,0
BRDA:63,4,1,6
BRDA:77,5,0,0
BRDA:77,5,1,0
BRDA:80,6,0,0
BRDA:80,6,1,0
BRDA:92,7,0,0
BRDA:92,7,1,1
BRDA:92,8,0,1
BRDA:92,8,1,1
BRDA:93,9,0,0
BRDA:93,9,1,1
BRDA:93,10,0,1
BRDA:93,10,1,1
BRDA:94,11,0,0
BRDA:94,11,1,1
BRDA:94,12,0,1
BRDA:94,12,1,1
BRDA:119,13,0,1
BRDA:119,13,1,1
BRDA:119,14,0,2
BRDA:119,14,1,2
BRDA:136,15,0,0
BRDA:136,15,1,0
BRDA:141,16,0,0
BRDA:141,16,1,0
BRDA:141,17,0,0
BRDA:141,17,1,0
BRDA:142,18,0,0
BRDA:142,18,1,0
BRDA:142,19,0,0
BRDA:142,19,1,0
BRDA:143,20,0,0
BRDA:143,20,1,0
BRDA:143,21,0,0
BRDA:143,21,1,0
BRDA:147,22,0,0
BRDA:147,22,1,0
BRDA:175,23,0,2
BRDA:175,24,0,2
BRDA:179,25,0,1
BRDA:179,25,1,2
BRDA:182,26,0,0
BRDA:182,26,1,3
BRDA:183,27,0,0
BRDA:183,27,1,3
BRDA:184,28,0,0
BRDA:184,28,1,3
BRDA:206,29,0,0
BRDA:206,29,1,0
BRDA:209,30,0,0
BRDA:209,30,1,0
BRDA:209,31,0,0
BRDA:209,31,1,0
BRDA:220,32,0,1
BRDA:220,32,1,1
BRDA:220,33,0,2
BRDA:220,33,1,2
BRDA:220,33,2,1
BRDA:220,33,3,1
BRDA:220,33,4,1
BRDA:220,33,5,1
BRDA:234,34,0,0
BRDA:234,34,1,0
BRDA:237,35,0,0
BRDA:237,35,1,0
BRDA:237,36,0,0
BRDA:237,36,1,0
BRDA:251,37,0,0
BRDA:251,37,1,0
BRDA:254,38,0,0
BRDA:254,38,1,0
BRDA:254,39,0,0
BRDA:254,39,1,0
BRDA:267,40,0,1
BRDA:267,40,1,0
BRDA:270,41,0,0
BRDA:270,41,1,0
BRDA:298,42,0,0
BRDA:298,42,1,1
BRF:88
BRH:34
end_of_record
